{
  "RSpec": {
    "coverage": {
      "/Users/pelykh/projects/torah_app/spec/controllers/lessons_controller_spec.rb": [
        1,
        null,
        1,
        1,
        null,
        31,
        30,
        17,
        4,
        null,
        null,
        1,
        1,
        1,
        2,
        2,
        null,
        null,
        2,
        null,
        2,
        null,
        null,
        1,
        1,
        2,
        null,
        null,
        2,
        null,
        2,
        null,
        null,
        null,
        1,
        1,
        1,
        2,
        12,
        2,
        null,
        null,
        2,
        null,
        2,
        null,
        null,
        1,
        1,
        2,
        null,
        null,
        2,
        null,
        2,
        null,
        null,
        null,
        1,
        1,
        1,
        3,
        null,
        null,
        1,
        1,
        3,
        null,
        null,
        null,
        null,
        null,
        null,
        null,
        2,
        null,
        2,
        null,
        1,
        1,
        null,
        null,
        null,
        1,
        1,
        null,
        null,
        null,
        1,
        1,
        2,
        null,
        null,
        2,
        null,
        2,
        null,
        null,
        null,
        1,
        1,
        1,
        4,
        4,
        null,
        null,
        2,
        null,
        2,
        null,
        1,
        1,
        null,
        null,
        1,
        1,
        null,
        null,
        null,
        1,
        1,
        2,
        null,
        null,
        2,
        null,
        2,
        null,
        null,
        null,
        1,
        1,
        1,
        1,
        3,
        3,
        null,
        null,
        2,
        null,
        2,
        null,
        1,
        1,
        null,
        null,
        null,
        1,
        1,
        3,
        3,
        null,
        null,
        2,
        null,
        2,
        null,
        2,
        null,
        null,
        null,
        1,
        1,
        2,
        null,
        null,
        2,
        null,
        2,
        null,
        null,
        null,
        1,
        1,
        1,
        1,
        3,
        3,
        null,
        null,
        2,
        null,
        2,
        null,
        1,
        1,
        null,
        null,
        null,
        1,
        1,
        3,
        3,
        null,
        null,
        2,
        null,
        2,
        null,
        2,
        null,
        null,
        null,
        1,
        1,
        2,
        null,
        null,
        2,
        null,
        2,
        null,
        null,
        null,
        1,
        1,
        3,
        null,
        null,
        1,
        1,
        6,
        2,
        null,
        null,
        2,
        null,
        2,
        null,
        null,
        1,
        1,
        3,
        1,
        null,
        null,
        2,
        null,
        null,
        null
      ],
      "/Users/pelykh/projects/torah_app/spec/rails_helper.rb": [
        null,
        1,
        1,
        1,
        null,
        1,
        1,
        1,
        1,
        1,
        null,
        null,
        null,
        null,
        null,
        null,
        null,
        null,
        null,
        null,
        null,
        null,
        null,
        null,
        null,
        null,
        null,
        null,
        null,
        1,
        1,
        null,
        1,
        1,
        null,
        1,
        null,
        null,
        null,
        null,
        1,
        null,
        null,
        null,
        null,
        null,
        null,
        null,
        null,
        null,
        null,
        null,
        null,
        null,
        null,
        1,
        null,
        null,
        1,
        null,
        null,
        null,
        1,
        1,
        1,
        1,
        null,
        null,
        1,
        null,
        1,
        3,
        3,
        3,
        null,
        null
      ],
      "/Users/pelykh/projects/torah_app/config/environment.rb": [
        null,
        1,
        null,
        null,
        1
      ],
      "/Users/pelykh/projects/torah_app/config/application.rb": [
        1,
        null,
        1,
        null,
        null,
        null,
        1,
        null,
        1,
        null,
        1,
        1,
        null,
        null
      ],
      "/Users/pelykh/projects/torah_app/config/boot.rb": [
        1,
        null,
        1
      ],
      "/Users/pelykh/projects/torah_app/config/spring.rb": [
        null,
        null,
        null,
        null,
        null,
        5
      ],
      "/Users/pelykh/projects/torah_app/config/environments/test.rb": [
        1,
        null,
        null,
        null,
        null,
        null,
        null,
        1,
        null,
        null,
        null,
        null,
        1,
        null,
        null,
        1,
        1,
        null,
        null,
        null,
        null,
        1,
        1,
        null,
        null,
        1,
        null,
        null,
        1,
        1,
        null,
        null,
        null,
        null,
        1,
        null,
        null,
        1,
        null
      ],
      "/Users/pelykh/projects/torah_app/config/initializers/application_controller_renderer.rb": [
        null,
        null,
        null,
        null,
        null,
        null
      ],
      "/Users/pelykh/projects/torah_app/config/initializers/assets.rb": [
        null,
        null,
        null,
        1,
        null,
        null,
        null,
        null,
        null,
        null,
        null
      ],
      "/Users/pelykh/projects/torah_app/config/initializers/backtrace_silencers.rb": [
        null,
        null,
        null,
        null,
        null,
        null,
        null
      ],
      "/Users/pelykh/projects/torah_app/config/initializers/cookies_serializer.rb": [
        null,
        null,
        null,
        null,
        1
      ],
      "/Users/pelykh/projects/torah_app/config/initializers/devise.rb": [
        null,
        null,
        1,
        null,
        null,
        null,
        null,
        null,
        null,
        null,
        null,
        null,
        null,
        null,
        1,
        null,
        null,
        null,
        null,
        null,
        null,
        null,
        null,
        null,
        null,
        null,
        1,
        null,
        null,
        null,
        null,
        null,
        null,
        null,
        null,
        null,
        null,
        null,
        null,
        null,
        null,
        null,
        null,
        null,
        null,
        null,
        null,
        null,
        1,
        null,
        null,
        null,
        null,
        1,
        null,
        null,
        null,
        null,
        null,
        null,
        null,
        null,
        null,
        null,
        null,
        null,
        null,
        null,
        null,
        null,
        null,
        null,
        null,
        null,
        null,
        null,
        null,
        null,
        null,
        null,
        null,
        null,
        null,
        null,
        1,
        null,
        null,
        null,
        null,
        null,
        null,
        null,
        null,
        null,
        null,
        null,
        null,
        null,
        null,
        null,
        null,
        null,
        null,
        null,
        null,
        null,
        null,
        1,
        null,
        null,
        null,
        null,
        null,
        null,
        null,
        null,
        null,
        null,
        null,
        null,
        null,
        null,
        null,
        null,
        null,
        null,
        null,
        null,
        null,
        null,
        null,
        null,
        null,
        null,
        null,
        null,
        null,
        null,
        1,
        null,
        null,
        null,
        null,
        null,
        null,
        null,
        null,
        null,
        1,
        null,
        null,
        null,
        null,
        null,
        null,
        null,
        null,
        null,
        null,
        1,
        null,
        null,
        null,
        null,
        1,
        null,
        null,
        null,
        null,
        null,
        null,
        null,
        null,
        null,
        null,
        null,
        null,
        null,
        null,
        null,
        null,
        null,
        null,
        null,
        null,
        null,
        null,
        null,
        null,
        null,
        null,
        null,
        null,
        null,
        null,
        null,
        null,
        null,
        null,
        null,
        null,
        null,
        null,
        null,
        null,
        1,
        null,
        null,
        null,
        null,
        null,
        null,
        null,
        null,
        null,
        null,
        null,
        null,
        null,
        null,
        null,
        null,
        null,
        null,
        null,
        null,
        null,
        null,
        null,
        null,
        null,
        null,
        null,
        null,
        null,
        null,
        null,
        null,
        null,
        null,
        null,
        null,
        null,
        null,
        null,
        null,
        null,
        1,
        null,
        null,
        null,
        null,
        null,
        null,
        null,
        null,
        null,
        null,
        null,
        null,
        null,
        null,
        null,
        null,
        null,
        null,
        null,
        null,
        null,
        null,
        null,
        null,
        null,
        null,
        null,
        null,
        null
      ],
      "/Users/pelykh/projects/torah_app/config/initializers/filter_parameter_logging.rb": [
        null,
        null,
        null,
        1
      ],
      "/Users/pelykh/projects/torah_app/config/initializers/inflections.rb": [
        null,
        null,
        null,
        null,
        null,
        null,
        null,
        null,
        null,
        null,
        null,
        null,
        null,
        null,
        null,
        null
      ],
      "/Users/pelykh/projects/torah_app/config/initializers/mime_types.rb": [
        null,
        null,
        null,
        null
      ],
      "/Users/pelykh/projects/torah_app/config/initializers/new_framework_defaults.rb": [
        null,
        null,
        null,
        null,
        null,
        null,
        1,
        null,
        null,
        1,
        null,
        null,
        1,
        null,
        null,
        null,
        1,
        null,
        null,
        1,
        null,
        null,
        1,
        null,
        null,
        1
      ],
      "/Users/pelykh/projects/torah_app/config/initializers/session_store.rb": [
        null,
        null,
        1
      ],
      "/Users/pelykh/projects/torah_app/config/initializers/types.rb": [
        1
      ],
      "/Users/pelykh/projects/torah_app/app/models/types/availability_type.rb": [
        1,
        null,
        1,
        588,
        588,
        588,
        4116,
        null,
        588,
        null,
        null,
        1,
        1546,
        1546,
        1546,
        1546,
        10822,
        10822,
        10822,
        null,
        null,
        null,
        null,
        1546,
        null,
        null,
        1,
        294,
        null,
        null,
        1,
        null,
        1,
        1546,
        null,
        null
      ],
      "/Users/pelykh/projects/torah_app/config/initializers/wrap_parameters.rb": [
        null,
        null,
        null,
        null,
        null,
        null,
        1,
        2,
        null,
        null,
        null,
        null,
        null,
        null
      ],
      "/Users/pelykh/projects/torah_app/spec/factories/chatrooms.rb": [
        1,
        1,
        1,
        17,
        17,
        null,
        null,
        null
      ],
      "/Users/pelykh/projects/torah_app/spec/factories/friendships.rb": [
        1,
        1,
        1,
        1,
        null,
        null
      ],
      "/Users/pelykh/projects/torah_app/spec/factories/interests.rb": [
        1,
        1,
        1,
        1,
        null,
        null
      ],
      "/Users/pelykh/projects/torah_app/spec/factories/lessons.rb": [
        1,
        1,
        1,
        1,
        1,
        1,
        1,
        1,
        1,
        1,
        1,
        1,
        null,
        null
      ],
      "/Users/pelykh/projects/torah_app/spec/factories/messages.rb": [
        1,
        1,
        8,
        1,
        1,
        null,
        null
      ],
      "/Users/pelykh/projects/torah_app/spec/factories/participatings.rb": [
        1,
        1,
        1,
        1,
        null,
        null
      ],
      "/Users/pelykh/projects/torah_app/spec/factories/subjects.rb": [
        1,
        1,
        153,
        null,
        null
      ],
      "/Users/pelykh/projects/torah_app/spec/factories/users.rb": [
        1,
        1,
        294,
        294,
        1,
        1,
        1,
        1,
        null,
        null,
        null,
        null,
        null,
        null,
        null,
        null,
        291,
        null,
        null,
        1,
        1,
        null,
        null,
        1,
        1,
        1,
        null,
        2,
        null,
        null,
        1,
        1,
        1,
        null,
        2,
        null,
        null,
        1,
        1,
        1,
        null,
        1,
        1,
        1,
        null,
        null,
        null,
        1,
        1,
        null,
        null,
        null,
        null,
        null,
        null,
        null,
        null,
        2,
        null,
        null,
        null,
        null
      ],
      "/Users/pelykh/projects/torah_app/app/models/user.rb": [
        1,
        1,
        3,
        null,
        1,
        null,
        1,
        null,
        null,
        null,
        null,
        null,
        1,
        1,
        1,
        1,
        1,
        1,
        1,
        1,
        1,
        null,
        1,
        null,
        1,
        1,
        null,
        null,
        null,
        1,
        1,
        null,
        null,
        1,
        1,
        null,
        null,
        1,
        1,
        null,
        null,
        1,
        196,
        null,
        null,
        1,
        1,
        1,
        null,
        5,
        null,
        0,
        null,
        null,
        1,
        4,
        4,
        4,
        3,
        2,
        1,
        null,
        null,
        null,
        1,
        null,
        1,
        2,
        null,
        1,
        null,
        1,
        null,
        0,
        null,
        null,
        null
      ],
      "/Users/pelykh/projects/torah_app/app/models/application_record.rb": [
        1,
        1,
        null
      ],
      "/Users/pelykh/projects/torah_app/app/uploaders/avatar_uploader.rb": [
        1,
        1,
        null,
        1,
        0,
        null,
        null,
        1,
        0,
        null,
        null,
        null,
        1,
        0,
        null,
        null
      ],
      "/Users/pelykh/projects/torah_app/config/routes.rb": [
        1,
        1,
        1,
        1,
        1,
        1,
        1,
        1,
        null,
        null,
        1,
        1,
        null,
        null,
        1,
        1,
        1,
        1,
        null,
        1,
        1,
        null,
        1,
        1,
        1,
        null,
        1,
        null,
        1,
        null,
        1,
        null
      ],
      "/Users/pelykh/projects/torah_app/app/helpers/application_helper.rb": [
        1,
        1,
        0,
        null,
        null,
        1,
        0,
        0,
        0,
        0,
        0,
        null,
        null,
        0,
        0,
        0,
        0,
        null,
        null,
        null,
        null,
        null,
        null,
        null,
        1,
        0,
        null,
        0,
        null,
        0,
        null,
        0,
        null,
        0,
        null,
        0,
        null,
        0,
        null,
        0,
        null,
        0,
        null,
        null
      ],
      "/Users/pelykh/projects/torah_app/app/helpers/lessons_helper.rb": [
        1,
        1,
        0,
        0,
        null,
        null
      ],
      "/Users/pelykh/projects/torah_app/app/helpers/messages_helper.rb": [
        1,
        1,
        0,
        null,
        null
      ],
      "/Users/pelykh/projects/torah_app/app/helpers/subjects_helper.rb": [
        1,
        null
      ],
      "/Users/pelykh/projects/torah_app/spec/support/database_cleaner.rb": [
        1,
        null,
        1,
        1,
        null,
        null,
        1,
        201,
        null,
        null,
        1,
        0,
        null,
        null,
        1,
        201,
        null,
        null,
        1,
        201,
        null,
        null
      ],
      "/Users/pelykh/projects/torah_app/spec/support/helper.rb": [
        1,
        1,
        0,
        0,
        null,
        null,
        null
      ],
      "/Users/pelykh/projects/torah_app/app/controllers/lessons_controller.rb": [
        1,
        1,
        1,
        null,
        1,
        null,
        null,
        1,
        5,
        null,
        null,
        1,
        0,
        0,
        null,
        null,
        1,
        6,
        6,
        3,
        3,
        null,
        3,
        null,
        null,
        null,
        1,
        6,
        6,
        3,
        3,
        null,
        3,
        null,
        null,
        null,
        null,
        1,
        3,
        3,
        3,
        3,
        null,
        0,
        null,
        null,
        null,
        1,
        4,
        4,
        null,
        null,
        1,
        null,
        1,
        3,
        null,
        null,
        null,
        1,
        0,
        0,
        null,
        null
      ],
      "/Users/pelykh/projects/torah_app/app/controllers/application_controller.rb": [
        1,
        1,
        1,
        null,
        1,
        null,
        1,
        0,
        null,
        null,
        null,
        1,
        null,
        null,
        null,
        0,
        null,
        null
      ],
      "/Users/pelykh/projects/torah_app/spec/controllers/subjects_controller_spec.rb": [
        1,
        null,
        1,
        1,
        null,
        38,
        22,
        19,
        null,
        1,
        1,
        1,
        3,
        3,
        null,
        null,
        2,
        null,
        2,
        null,
        2,
        null,
        null,
        null,
        1,
        1,
        3,
        3,
        null,
        null,
        2,
        null,
        2,
        null,
        1,
        1,
        null,
        null,
        null,
        1,
        1,
        33,
        3,
        null,
        null,
        2,
        null,
        2,
        null,
        1,
        1,
        null,
        null,
        null,
        1,
        1,
        1,
        1,
        3,
        3,
        null,
        null,
        2,
        null,
        2,
        null,
        1,
        1,
        null,
        null,
        null,
        1,
        1,
        3,
        3,
        null,
        null,
        2,
        null,
        2,
        null,
        2,
        null,
        null,
        null,
        1,
        1,
        2,
        null,
        null,
        2,
        null,
        2,
        null,
        null,
        null,
        1,
        1,
        1,
        1,
        3,
        3,
        null,
        null,
        2,
        null,
        2,
        null,
        1,
        1,
        null,
        null,
        null,
        1,
        1,
        3,
        3,
        null,
        null,
        2,
        null,
        2,
        null,
        2,
        null,
        null,
        null,
        1,
        1,
        2,
        null,
        null,
        2,
        null,
        2,
        null,
        null,
        null,
        1,
        1,
        1,
        1,
        1,
        4,
        4,
        null,
        null,
        1,
        1,
        null,
        null,
        2,
        null,
        2,
        null,
        2,
        null,
        null,
        null,
        1,
        1,
        3,
        3,
        null,
        null,
        2,
        null,
        2,
        null,
        2,
        null,
        null,
        null,
        1,
        1,
        2,
        null,
        null,
        2,
        null,
        2,
        null,
        null,
        null,
        1,
        1,
        1,
        1,
        1,
        4,
        4,
        null,
        null,
        null,
        1,
        1,
        null,
        null,
        2,
        null,
        2,
        null,
        2,
        null,
        null,
        null,
        1,
        1,
        3,
        3,
        null,
        null,
        null,
        2,
        null,
        2,
        null,
        2,
        null,
        null,
        null,
        1,
        1,
        2,
        null,
        null,
        null,
        2,
        null,
        2,
        null,
        null,
        null,
        1,
        1,
        1,
        1,
        4,
        4,
        null,
        null,
        1,
        1,
        null,
        null,
        2,
        null,
        2,
        null,
        2,
        null,
        null,
        1,
        1,
        3,
        3,
        null,
        null,
        2,
        null,
        2,
        null,
        2,
        null,
        null,
        null,
        1,
        1,
        2,
        null,
        null,
        2,
        null,
        2,
        null,
        null,
        null
      ],
      "/Users/pelykh/projects/torah_app/app/controllers/subjects_controller.rb": [
        1,
        1,
        1,
        1,
        1,
        null,
        1,
        3,
        null,
        null,
        1,
        null,
        null,
        1,
        3,
        null,
        null,
        1,
        null,
        null,
        1,
        4,
        null,
        4,
        4,
        null,
        0,
        null,
        null,
        null,
        1,
        4,
        4,
        null,
        0,
        null,
        null,
        null,
        1,
        4,
        4,
        null,
        null,
        1,
        null,
        1,
        33,
        null,
        null,
        1,
        32,
        null,
        null,
        1,
        8,
        null,
        null,
        1,
        3,
        3,
        null,
        null
      ],
      "/Users/pelykh/projects/torah_app/spec/controllers/users_controller_spec.rb": [
        1,
        null,
        1,
        1,
        null,
        19,
        17,
        11,
        null,
        1,
        4,
        4,
        4,
        4,
        null,
        null,
        1,
        1,
        1,
        4,
        4,
        4,
        null,
        null,
        2,
        null,
        2,
        null,
        1,
        1,
        null,
        null,
        1,
        1,
        null,
        null,
        null,
        1,
        1,
        4,
        null,
        null,
        2,
        null,
        2,
        null,
        1,
        1,
        null,
        null,
        1,
        1,
        null,
        null,
        null,
        1,
        1,
        3,
        null,
        null,
        2,
        null,
        2,
        null,
        2,
        null,
        null,
        null,
        1,
        1,
        1,
        3,
        3,
        null,
        null,
        2,
        null,
        2,
        null,
        1,
        1,
        null,
        null,
        null,
        1,
        1,
        2,
        null,
        null,
        2,
        null,
        2,
        null,
        null,
        null,
        1,
        1,
        1,
        3,
        3,
        3,
        null,
        null,
        2,
        null,
        2,
        null,
        1,
        1,
        null,
        null,
        null,
        1,
        1,
        2,
        null,
        null,
        2,
        null,
        2,
        null,
        null,
        null,
        1,
        1,
        22,
        2,
        null,
        null,
        null,
        null,
        null,
        2,
        null,
        2,
        null,
        null,
        1,
        1,
        1,
        3,
        null,
        null,
        1,
        1,
        1,
        1,
        null,
        null,
        2,
        null,
        null,
        1,
        1,
        2,
        null,
        null,
        2,
        null,
        1,
        1,
        null,
        null,
        null,
        null,
        1,
        1,
        2,
        null,
        null,
        2,
        null,
        2,
        null,
        null,
        null,
        1,
        1,
        4,
        null,
        1,
        1,
        2,
        2,
        null,
        null,
        2,
        null,
        1,
        1,
        null,
        null,
        null,
        1,
        1,
        1,
        null,
        null,
        2,
        null,
        null,
        null,
        1,
        1,
        2,
        null,
        null,
        2,
        null,
        2,
        null,
        null,
        null
      ],
      "/Users/pelykh/projects/torah_app/app/controllers/users_controller.rb": [
        1,
        1,
        1,
        null,
        1,
        0,
        0,
        null,
        0,
        null,
        0,
        null,
        null,
        1,
        4,
        4,
        null,
        null,
        1,
        6,
        6,
        6,
        5,
        5,
        null,
        1,
        null,
        null,
        null,
        1,
        3,
        3,
        3,
        2,
        2,
        null,
        1,
        null,
        null,
        null,
        1,
        6,
        6,
        6,
        6,
        null,
        null,
        null,
        1,
        3,
        3,
        3,
        3,
        null,
        null,
        null,
        1,
        null,
        1,
        0,
        null,
        null,
        1,
        0,
        null,
        null,
        1,
        0,
        0,
        null,
        null,
        null
      ],
      "/Users/pelykh/projects/torah_app/spec/models/chatroom_spec.rb": [
        1,
        null,
        1,
        8,
        null,
        2,
        3,
        null,
        2,
        null,
        2,
        2,
        2,
        null,
        1,
        2,
        2,
        null,
        null,
        1,
        1,
        null,
        null,
        null,
        1,
        1,
        null,
        null,
        null
      ],
      "/Users/pelykh/projects/torah_app/app/models/chatroom.rb": [
        1,
        1,
        1,
        1,
        null,
        1,
        9,
        9,
        null,
        null,
        1,
        5,
        null,
        15,
        5,
        null,
        null,
        1,
        1,
        1,
        2,
        1,
        null,
        null,
        1,
        null,
        null
      ],
      "/Users/pelykh/projects/torah_app/spec/models/friendship_spec.rb": [
        1,
        null,
        1,
        4,
        null,
        2,
        null,
        2,
        2,
        null
      ],
      "/Users/pelykh/projects/torah_app/app/models/friendship.rb": [
        1,
        1,
        1,
        null
      ],
      "/Users/pelykh/projects/torah_app/spec/models/interest_spec.rb": [
        1,
        null,
        1,
        4,
        null,
        2,
        null,
        2,
        2,
        null
      ],
      "/Users/pelykh/projects/torah_app/app/models/interest.rb": [
        1,
        1,
        1,
        null
      ],
      "/Users/pelykh/projects/torah_app/spec/models/lesson_spec.rb": [
        1,
        null,
        1,
        22,
        null,
        2,
        null,
        2,
        2,
        2,
        2,
        2,
        2,
        2,
        2,
        null,
        1,
        1,
        2,
        null,
        null,
        1,
        1,
        1,
        1,
        1,
        1,
        1,
        null,
        null,
        null,
        1,
        1,
        1,
        1,
        1,
        null,
        null,
        null,
        null,
        1,
        1,
        1,
        1,
        1,
        1,
        null,
        null,
        null,
        1,
        1,
        1,
        1,
        null,
        1,
        null,
        1,
        1,
        null,
        null,
        null,
        1,
        null,
        null,
        null,
        1,
        1,
        1,
        1,
        null,
        null,
        null,
        2,
        null,
        null,
        1,
        1,
        1,
        null,
        1,
        1,
        null,
        null,
        null,
        1,
        1,
        1,
        null,
        1,
        1,
        null,
        null,
        null,
        null,
        1,
        2,
        null,
        null,
        null,
        1,
        1,
        1,
        1,
        1,
        1,
        null,
        null,
        null,
        1,
        1,
        1,
        1,
        1,
        null,
        null,
        null,
        1,
        2,
        null,
        null,
        null
      ],
      "/Users/pelykh/projects/torah_app/app/models/lesson.rb": [
        1,
        1,
        null,
        1,
        1,
        1,
        null,
        1,
        1,
        1,
        null,
        1,
        null,
        1,
        null,
        1,
        47,
        1,
        1,
        1,
        null,
        null,
        47,
        null,
        null,
        1,
        47,
        null,
        47,
        1,
        1,
        1,
        null,
        null,
        47,
        null,
        3,
        1,
        47,
        null,
        null,
        1,
        51,
        null,
        null,
        1,
        47,
        47,
        null,
        47,
        47,
        null,
        47,
        null,
        47,
        47,
        1,
        47,
        null,
        null,
        1,
        47,
        1,
        1,
        null,
        null,
        47,
        1,
        null,
        null,
        null,
        1,
        47,
        47,
        null,
        null,
        1,
        null,
        0,
        null,
        null
      ],
      "/Users/pelykh/projects/torah_app/spec/models/message_spec.rb": [
        1,
        null,
        1,
        8,
        null,
        2,
        null,
        2,
        null,
        2,
        2,
        null,
        2,
        2,
        null,
        1,
        2,
        null,
        null
      ],
      "/Users/pelykh/projects/torah_app/app/models/message.rb": [
        1,
        1,
        1,
        null,
        1,
        null,
        2,
        null
      ],
      "/Users/pelykh/projects/torah_app/spec/models/participating_spec.rb": [
        1,
        null,
        1,
        4,
        null,
        2,
        null,
        2,
        2,
        null
      ],
      "/Users/pelykh/projects/torah_app/app/models/participating.rb": [
        1,
        1,
        1,
        null
      ],
      "/Users/pelykh/projects/torah_app/spec/models/subject_spec.rb": [
        1,
        null,
        1,
        8,
        null,
        2,
        null,
        2,
        null,
        2,
        2,
        2,
        2,
        2,
        null
      ],
      "/Users/pelykh/projects/torah_app/app/models/subject.rb": [
        1,
        1,
        1,
        1,
        1,
        1,
        null
      ],
      "/Users/pelykh/projects/torah_app/spec/models/user_spec.rb": [
        1,
        null,
        1,
        25,
        null,
        2,
        null,
        2,
        null,
        2,
        null,
        2,
        null,
        2,
        null,
        2,
        2,
        2,
        2,
        null,
        2,
        2,
        null,
        2,
        2,
        2,
        2,
        2,
        2,
        2,
        2,
        null,
        2,
        null,
        1,
        1,
        1,
        1,
        null,
        null,
        1,
        1,
        3,
        1,
        null,
        null,
        1,
        3,
        1,
        null,
        null,
        null,
        null,
        1,
        4,
        null,
        null,
        1,
        1,
        4,
        null,
        null,
        1,
        4,
        null,
        null,
        1,
        1,
        1,
        1,
        null,
        null,
        null,
        null,
        null,
        null,
        null,
        null,
        1,
        null,
        null,
        null,
        null,
        1,
        1,
        1,
        1,
        null,
        null,
        null,
        1,
        1,
        1,
        null,
        null,
        null,
        1,
        1,
        1,
        null,
        null,
        null,
        1,
        1,
        1,
        null,
        null,
        null,
        null
      ],
      "/Users/pelykh/projects/torah_app/app/jobs/message_broadcast_job.rb": [
        1,
        1,
        null,
        1,
        0,
        null,
        null,
        null,
        1,
        null,
        1,
        0,
        null,
        null
      ],
      "/Users/pelykh/projects/torah_app/app/jobs/application_job.rb": [
        1,
        null
      ]
    },
    "timestamp": 1506612915
  }
}
